生成启动时间为 2018/4/25 10:50:01。
     1>项目“F:\Visual Stdio\ConsoleApplication1\ConsoleApplication1\ConsoleApplication1.vcxproj”在节点 2 上(Build 个目标)。
     1>ClCompile:
         E:\visual\VC\bin\CL.exe /c /ZI /nologo /W3 /WX- /sdl /Od /Oy- /D WIN32 /D _DEBUG /D _CONSOLE /D _LIB /D _UNICODE /D UNICODE /Gm /EHsc /RTC1 /MDd /GS /fp:precise /Zc:wchar_t /Zc:forScope /Fo"Debug\\" /Fd"Debug\vc120.pdb" /Gd /TP /analyze- /errorReport:prompt "源.cpp"
         源.cpp
     1>f:\visual stdio\consoleapplication1\consoleapplication1\源.cpp(23): warning C4244: “参数”: 从“time_t”转换到“unsigned int”，可能丢失数据
     1>f:\visual stdio\consoleapplication1\consoleapplication1\源.cpp(45): warning C4244: “参数”: 从“time_t”转换到“unsigned int”，可能丢失数据
     1>f:\visual stdio\consoleapplication1\consoleapplication1\源.cpp(116): warning C4244: “参数”: 从“time_t”转换到“unsigned int”，可能丢失数据
     1>f:\visual stdio\consoleapplication1\consoleapplication1\源.cpp(157): warning C4244: “参数”: 从“time_t”转换到“unsigned int”，可能丢失数据
     1>f:\visual stdio\consoleapplication1\consoleapplication1\源.cpp(171): warning C4244: “参数”: 从“time_t”转换到“unsigned int”，可能丢失数据
     1>f:\visual stdio\consoleapplication1\consoleapplication1\源.cpp(149): warning C4101: “pointnum”: 未引用的局部变量
     1>f:\visual stdio\consoleapplication1\consoleapplication1\源.cpp(146): warning C4101: “kkk”: 未引用的局部变量
     1>f:\visual stdio\consoleapplication1\consoleapplication1\源.cpp(146): warning C4101: “flag”: 未引用的局部变量
     1>f:\visual stdio\consoleapplication1\consoleapplication1\源.cpp(257): warning C4244: “参数”: 从“time_t”转换到“unsigned int”，可能丢失数据
     1>f:\visual stdio\consoleapplication1\consoleapplication1\源.cpp(270): warning C4244: “参数”: 从“time_t”转换到“unsigned int”，可能丢失数据
     1>f:\visual stdio\consoleapplication1\consoleapplication1\源.cpp(251): warning C4101: “j”: 未引用的局部变量
     1>f:\visual stdio\consoleapplication1\consoleapplication1\源.cpp(302): warning C4101: “m”: 未引用的局部变量
       Link:
         E:\visual\VC\bin\link.exe /ERRORREPORT:PROMPT /OUT:"F:\Visual Stdio\ConsoleApplication1\Debug\ConsoleApplication1.exe" /INCREMENTAL /NOLOGO kernel32.lib user32.lib gdi32.lib winspool.lib comdlg32.lib advapi32.lib shell32.lib ole32.lib oleaut32.lib uuid.lib odbc32.lib odbccp32.lib /MANIFEST /MANIFESTUAC:"level='asInvoker' uiAccess='false'" /manifest:embed /DEBUG /PDB:"F:\Visual Stdio\ConsoleApplication1\Debug\ConsoleApplication1.pdb" /SUBSYSTEM:CONSOLE /TLBID:1 /DYNAMICBASE /NXCOMPAT /IMPLIB:"F:\Visual Stdio\ConsoleApplication1\Debug\ConsoleApplication1.lib" /MACHINE:X86 "Debug\源.obj"
         ConsoleApplication1.vcxproj -> F:\Visual Stdio\ConsoleApplication1\Debug\ConsoleApplication1.exe
     1>已完成生成项目“F:\Visual Stdio\ConsoleApplication1\ConsoleApplication1\ConsoleApplication1.vcxproj”(Build 个目标)的操作。

生成成功。

已用时间 00:00:05.57
